2022-05-29 00:22:48,664	INFO	LRUCache: __init__ with size 10
2022-05-29 00:22:48,664	INFO	LRUCache: __setitem__: [key: 1, value: 10]
2022-05-29 00:22:48,664	INFO	LRUCache: __setitem__: set: [key: 1, value: 10]
2022-05-29 00:22:48,664	INFO	LRUCache: __setitem__: [key: 2, value: 11]
2022-05-29 00:22:48,664	INFO	LRUCache: __setitem__: set: [key: 2, value: 11]
2022-05-29 00:22:48,664	INFO	LRUCache: __setitem__: [key: 3, value: 12]
2022-05-29 00:22:48,664	INFO	LRUCache: __setitem__: set: [key: 3, value: 12]
2022-05-29 00:22:48,664	INFO	LRUCache: __setitem__: [key: 4, value: 13]
2022-05-29 00:22:48,664	INFO	LRUCache: __setitem__: set: [key: 4, value: 13]
2022-05-29 00:22:48,664	INFO	LRUCache: __setitem__: [key: 5, value: 14]
2022-05-29 00:22:48,664	INFO	LRUCache: __setitem__: set: [key: 5, value: 14]
2022-05-29 00:22:48,664	INFO	LRUCache: __setitem__: [key: 6, value: 15]
2022-05-29 00:22:48,664	INFO	LRUCache: __setitem__: set: [key: 6, value: 15]
2022-05-29 00:22:48,664	INFO	LRUCache: __setitem__: [key: 7, value: 16]
2022-05-29 00:22:48,664	INFO	LRUCache: __setitem__: set: [key: 7, value: 16]
2022-05-29 00:22:48,664	INFO	LRUCache: __setitem__: [key: 8, value: 17]
2022-05-29 00:22:48,664	INFO	LRUCache: __setitem__: set: [key: 8, value: 17]
2022-05-29 00:22:48,664	INFO	LRUCache: __setitem__: [key: 9, value: 18]
2022-05-29 00:22:48,664	INFO	LRUCache: __setitem__: set: [key: 9, value: 18]
2022-05-29 00:22:48,664	INFO	LRUCache: __setitem__: [key: 10, value: 19]
2022-05-29 00:22:48,664	INFO	LRUCache: __setitem__: set: [key: 10, value: 19]
2022-05-29 00:22:48,664	INFO	LRUCache: __setitem__: [key: 11, value: 20]
2022-05-29 00:22:48,664	INFO	LRUCache: pop: [key: 1, value: 10]
2022-05-29 00:22:48,664	INFO	LRUCache: __setitem__: set: [key: 11, value: 20]
2022-05-29 00:22:48,664	INFO	LRUCache: __setitem__: [key: 12, value: 21]
2022-05-29 00:22:48,664	INFO	LRUCache: pop: [key: 2, value: 11]
2022-05-29 00:22:48,664	INFO	LRUCache: __setitem__: set: [key: 12, value: 21]
2022-05-29 00:22:48,664	INFO	LRUCache: __setitem__: [key: 3, value: 12]
2022-05-29 00:22:48,664	INFO	LRUCache: updated: [key: 3, value: 12]
2022-05-29 00:22:48,664	INFO	LRUCache: __setitem__: set: [key: 3, value: 12]
2022-05-29 00:22:48,664	INFO	LRUCache: called with key 1000
2022-05-29 00:22:48,664	WARNING	LRUCache: in __getitem__ key 1000 does not exist
